# JRE version: Java(TM) SE Runtime Environment 18.9 (11.0.13+10) (build 11.0.13+10-LTS-370)
# Java VM: Java HotSpot(TM) 64-Bit Server VM 18.9 (11.0.13+10-LTS-370, mixed mode, tiered, compressed oops, g1 gc, windows-amd64)
Heap:
 garbage-first heap   total 262144K, used 199680K [0x00000000e0000000, 0x0000000100000000)
  region size 1024K, 112 young (114688K), 15 survivors (15360K)
 Metaspace       used 79095K, capacity 82944K, committed 83280K, reserved 327680K
  class space    used 10208K, capacity 11371K, committed 11468K, reserved 253952K
GC Heap History (10 events):
Event: 43.361 GC heap after
{Heap after GC invocations=10 (full 0):
 garbage-first heap   total 262144K, used 36058K [0x00000000e0000000, 0x0000000100000000)
  region size 1024K, 20 young (20480K), 20 survivors (20480K)
 Metaspace       used 49407K, capacity 50604K, committed 50896K, reserved 299008K
  class space    used 6278K, capacity 6658K, committed 6732K, reserved 253952K
}
Event: 51.349 GC heap before
{Heap before GC invocations=10 (full 0):
 garbage-first heap   total 262144K, used 144602K [0x00000000e0000000, 0x0000000100000000)
  region size 1024K, 127 young (130048K), 20 survivors (20480K)
 Metaspace       used 58750K, capacity 60371K, committed 60496K, reserved 307200K
  class space    used 7500K, capacity 8064K, committed 8140K, reserved 253952K
}
Event: 51.371 GC heap after
{Heap after GC invocations=11 (full 0):
 garbage-first heap   total 262144K, used 46041K [0x00000000e0000000, 0x0000000100000000)
  region size 1024K, 10 young (10240K), 10 survivors (10240K)
 Metaspace       used 58750K, capacity 60371K, committed 60496K, reserved 307200K
  class space    used 7500K, capacity 8064K, committed 8140K, reserved 253952K
}
Event: 61.991 GC heap before
{Heap before GC invocations=12 (full 0):
 garbage-first heap   total 262144K, used 174041K [0x00000000e0000000, 0x0000000100000000)
  region size 1024K, 136 young (139264K), 10 survivors (10240K)
 Metaspace       used 67172K, capacity 69812K, committed 69840K, reserved 315392K
  class space    used 8666K, capacity 9537K, committed 9548K, reserved 253952K
}
Event: 62.013 GC heap after
{Heap after GC invocations=13 (full 0):
 garbage-first heap   total 262144K, used 63488K [0x00000000e0000000, 0x0000000100000000)
  region size 1024K, 17 young (17408K), 17 survivors (17408K)
 Metaspace       used 67172K, capacity 69812K, committed 69840K, reserved 315392K
  class space    used 8666K, capacity 9537K, committed 9548K, reserved 253952K
}
Event: 78.951 GC heap before
{Heap before GC invocations=13 (full 0):
 garbage-first heap   total 262144K, used 189440K [0x00000000e0000000, 0x0000000100000000)
  region size 1024K, 137 young (140288K), 17 survivors (17408K)
 Metaspace       used 73430K, capacity 76987K, committed 77264K, reserved 321536K
  class space    used 9545K, capacity 10534K, committed 10572K, reserved 253952K
}
Event: 78.978 GC heap after
{Heap after GC invocations=14 (full 0):
 garbage-first heap   total 262144K, used 84469K [0x00000000e0000000, 0x0000000100000000)
  region size 1024K, 18 young (18432K), 18 survivors (18432K)
 Metaspace       used 73430K, capacity 76987K, committed 77264K, reserved 321536K
  class space    used 9545K, capacity 10534K, committed 10572K, reserved 253952K
}
Event: 82.844 GC heap before
{Heap before GC invocations=14 (full 0):
 garbage-first heap   total 262144K, used 196085K [0x00000000e0000000, 0x0000000100000000)
  region size 1024K, 127 young (130048K), 18 survivors (18432K)
 Metaspace       used 77149K, capacity 80806K, committed 81104K, reserved 325632K
  class space    used 9919K, capacity 11022K, committed 11084K, reserved 253952K
}
Event: 82.872 GC heap after
{Heap after GC invocations=15 (full 0):
 garbage-first heap   total 262144K, used 100352K [0x00000000e0000000, 0x0000000100000000)
  region size 1024K, 16 young (16384K), 16 survivors (16384K)
 Metaspace       used 77149K, capacity 80806K, committed 81104K, reserved 325632K
  class space    used 9919K, capacity 11022K, committed 11084K, reserved 253952K
}
Event: 85.446 GC heap before
{Heap before GC invocations=15 (full 0):
 garbage-first heap   total 262144K, used 198656K [0x00000000e0000000, 0x0000000100000000)
  region size 1024K, 113 young (115712K), 16 survivors (16384K)
 Metaspace       used 79095K, capacity 82944K, committed 83280K, reserved 327680K
  class space    used 10208K, capacity 11371K, committed 11468K, reserved 253952K
}

